{"message":"Unauthorized request to path /","level":"error"}
{"message":"Unauthorized request to path /","level":"error"}
{"message":"Unauthorized request to path /api/folders","level":"error"}
{"message":"Unauthorized request to path /api/folders","level":"error"}
{"message":"Unauthorized request to path /api/folders/2","level":"error"}
{"message":"Unauthorized request to path /api/folders/2","level":"error"}
{"message":"Unauthorized request to path /api/folders/2","level":"error"}
{"message":"Unauthorized request to path /api/folders","level":"error"}
{"message":"Unauthorized request to path /api/folders","level":"error"}
{"message":"Unauthorized request to path /api/folders/2","level":"error"}
{"message":"Unauthorized request to path /api/folders/2","level":"error"}
{"message":"Unauthorized request to path /api/folders/2","level":"error"}
{"message":"Unauthorized request to path /api/folders","level":"error"}
{"message":"Unauthorized request to path /api/folders","level":"error"}
{"message":"Unauthorized request to path /api/folders/2","level":"error"}
{"message":"Unauthorized request to path /api/folders/2","level":"error"}
{"message":"Unauthorized request to path /api/folders/2","level":"error"}
{"message":"Unauthorized request to path /api/folders","level":"error"}
{"message":"Unauthorized request to path /api/folders","level":"error"}
{"message":"Unauthorized request to path /api/folders/2","level":"error"}
{"message":"Unauthorized request to path /api/folders/2","level":"error"}
{"message":"Unauthorized request to path /api/folders/2","level":"error"}
{"message":"Folder with id 123456 not found.","level":"error"}
{"message":"Folder with id 123456 not found.","level":"error"}
{"message":"Name is required","level":"error"}
{"message":"Unauthorized request to path /api/folders","level":"error"}
{"message":"Unauthorized request to path /api/folders","level":"error"}
{"message":"Unauthorized request to path /api/folders/2","level":"error"}
{"message":"Unauthorized request to path /api/folders/2","level":"error"}
{"message":"Unauthorized request to path /api/folders/2","level":"error"}
{"message":"Folder with id 123456 not found.","level":"error"}
{"message":"Folder with id 123456 not found.","level":"error"}
{"message":"Name is required","level":"error"}
{"message":"Unauthorized request to path /api/folders","level":"error"}
{"message":"Unauthorized request to path /api/folders","level":"error"}
{"message":"Unauthorized request to path /api/folders/2","level":"error"}
{"message":"Unauthorized request to path /api/folders/2","level":"error"}
{"message":"Unauthorized request to path /api/folders/2","level":"error"}
{"message":"Folder with id 123456 not found.","level":"error"}
{"message":"Folder with id 123456 not found.","level":"error"}
{"message":"Name is required","level":"error"}
{"message":"Unauthorized request to path /api/folders","level":"error"}
{"message":"Unauthorized request to path /api/folders","level":"error"}
{"message":"Unauthorized request to path /api/folders/2","level":"error"}
{"message":"Unauthorized request to path /api/folders/2","level":"error"}
{"message":"Unauthorized request to path /api/folders/2","level":"error"}
{"message":"Folder with id 123456 not found.","level":"error"}
{"message":"Folder with id 123456 not found.","level":"error"}
{"message":"Folder with id 2 deleted.","level":"info"}
{"message":"Name is required","level":"error"}
{"message":"Unauthorized request to path /api/folders","level":"error"}
{"message":"Unauthorized request to path /api/folders","level":"error"}
{"message":"Unauthorized request to path /api/folders/2","level":"error"}
{"message":"Unauthorized request to path /api/folders/2","level":"error"}
{"message":"Unauthorized request to path /api/folders/2","level":"error"}
{"message":"Folder with id 123456 not found.","level":"error"}
{"message":"Folder with id 123456 not found.","level":"error"}
{"message":"Folder with id 2 deleted.","level":"info"}
{"message":"Name is required","level":"error"}
{"message":"Unauthorized request to path /api/folders","level":"error"}
{"message":"Unauthorized request to path /api/folders","level":"error"}
{"message":"Unauthorized request to path /api/folders/2","level":"error"}
{"message":"Unauthorized request to path /api/folders/2","level":"error"}
{"message":"Unauthorized request to path /api/folders/2","level":"error"}
{"message":"Folder with id 123456 not found.","level":"error"}
{"message":"Folder with id 123456 not found.","level":"error"}
{"message":"Name is required","level":"error"}
{"message":"Unauthorized request to path /api/folders","level":"error"}
{"message":"Unauthorized request to path /api/folders","level":"error"}
{"message":"Unauthorized request to path /api/folders/2","level":"error"}
{"message":"Unauthorized request to path /api/folders/2","level":"error"}
{"message":"Unauthorized request to path /api/folders/2","level":"error"}
{"message":"Folder with id 123456 not found.","level":"error"}
{"message":"Folder with id 123456 not found.","level":"error"}
{"message":"Folder with id 2 deleted.","level":"info"}
{"message":"Name is required","level":"error"}
{"message":"Unauthorized request to path /api/folders","level":"error"}
{"message":"Unauthorized request to path /api/folders","level":"error"}
{"message":"Unauthorized request to path /api/folders/2","level":"error"}
{"message":"Unauthorized request to path /api/folders/2","level":"error"}
{"message":"Unauthorized request to path /api/folders/2","level":"error"}
{"message":"Folder with id 123456 not found.","level":"error"}
{"message":"Folder with id 123456 not found.","level":"error"}
{"message":"Folder with id 2 deleted.","level":"info"}
{"message":"Name is required","level":"error"}
{"message":"Unauthorized request to path /api/folders","level":"error"}
{"message":"Unauthorized request to path /api/folders","level":"error"}
{"message":"Unauthorized request to path /api/folders/2","level":"error"}
{"message":"Unauthorized request to path /api/folders/2","level":"error"}
{"message":"Unauthorized request to path /api/folders/2","level":"error"}
{"message":"Folder with id 123456 not found.","level":"error"}
{"message":"Folder with id 123456 not found.","level":"error"}
{"message":"Folder with id 2 deleted.","level":"info"}
{"message":"Name is required","level":"error"}
{"message":"Unauthorized request to path /api/folders","level":"error"}
{"message":"Unauthorized request to path /api/folders","level":"error"}
{"message":"Unauthorized request to path /api/folders/2","level":"error"}
{"message":"Unauthorized request to path /api/folders/2","level":"error"}
{"message":"Unauthorized request to path /api/folders/2","level":"error"}
{"message":"Folder with id 123456 not found.","level":"error"}
{"message":"Folder with id 123456 not found.","level":"error"}
{"message":"Folder with id 2 deleted.","level":"info"}
{"message":"Name is required","level":"error"}
{"message":"Unauthorized request to path /api/folders","level":"error"}
{"message":"Unauthorized request to path /api/folders","level":"error"}
{"message":"Unauthorized request to path /api/folders/2","level":"error"}
{"message":"Unauthorized request to path /api/folders/2","level":"error"}
{"message":"Unauthorized request to path /api/folders/2","level":"error"}
{"message":"Folder with id 123456 not found.","level":"error"}
{"message":"Folder with id 123456 not found.","level":"error"}
{"message":"Folder with id 2 deleted.","level":"info"}
{"message":"Name is required","level":"error"}
{"message":"Unauthorized request to path /api/folders","level":"error"}
{"message":"Unauthorized request to path /api/folders","level":"error"}
{"message":"Unauthorized request to path /api/folders/2","level":"error"}
{"message":"Unauthorized request to path /api/folders/2","level":"error"}
{"message":"Unauthorized request to path /api/folders/2","level":"error"}
{"message":"Folder with id 123456 not found.","level":"error"}
{"message":"Folder with id 123456 not found.","level":"error"}
{"message":"Folder with id 2 deleted.","level":"info"}
{"message":"Name is required","level":"error"}
{"message":"Folder with id 1 created.","level":"info"}
{"message":"Folder with id 2 created.","level":"info"}
{"message":"Folder with id 123456 not found.","level":"error"}
{"message":"Invalid update without required fields","level":"error"}
{"message":"Unauthorized request to path /api/folders","level":"error"}
{"message":"Unauthorized request to path /api/folders","level":"error"}
{"message":"Unauthorized request to path /api/folders/2","level":"error"}
{"message":"Unauthorized request to path /api/folders/2","level":"error"}
{"message":"Unauthorized request to path /api/folders/2","level":"error"}
{"message":"Folder with id 123456 not found.","level":"error"}
{"message":"Folder with id 123456 not found.","level":"error"}
{"message":"Folder with id 2 deleted.","level":"info"}
{"message":"Name is required","level":"error"}
{"message":"Folder with id 3 created.","level":"info"}
{"message":"Folder with id 4 created.","level":"info"}
{"message":"Folder with id 123456 not found.","level":"error"}
{"message":"Invalid update without required fields","level":"error"}
{"message":"Unauthorized request to path /api/folders","level":"error"}
{"message":"Unauthorized request to path /api/folders","level":"error"}
{"message":"Unauthorized request to path /api/folders/2","level":"error"}
{"message":"Unauthorized request to path /api/folders/2","level":"error"}
{"message":"Unauthorized request to path /api/folders/2","level":"error"}
{"message":"Folder with id 123456 not found.","level":"error"}
{"message":"Folder with id 123456 not found.","level":"error"}
{"message":"Folder with id 2 deleted.","level":"info"}
{"message":"Name is required","level":"error"}
{"message":"Folder with id 5 created.","level":"info"}
{"message":"Folder with id 6 created.","level":"info"}
{"message":"Folder with id 123456 not found.","level":"error"}
{"message":"Invalid update without required fields","level":"error"}
{"message":"Unauthorized request to path /api/folders","level":"error"}
{"message":"Unauthorized request to path /api/folders","level":"error"}
{"message":"Unauthorized request to path /api/folders/2","level":"error"}
{"message":"Unauthorized request to path /api/folders/2","level":"error"}
{"message":"Unauthorized request to path /api/folders/2","level":"error"}
{"message":"Folder with id 123456 not found.","level":"error"}
{"message":"Folder with id 123456 not found.","level":"error"}
{"message":"Folder with id 2 deleted.","level":"info"}
{"message":"Name is required","level":"error"}
{"message":"Folder with id 7 created.","level":"info"}
{"message":"Folder with id 8 created.","level":"info"}
{"message":"Folder with id 123456 not found.","level":"error"}
{"message":"Folder with id 2 updated","level":"info"}
{"message":"Invalid update without required fields","level":"error"}
{"message":"Unauthorized request to path /api/folders","level":"error"}
{"message":"Unauthorized request to path /api/folders","level":"error"}
{"message":"Unauthorized request to path /api/folders/2","level":"error"}
{"message":"Unauthorized request to path /api/folders/2","level":"error"}
{"message":"Unauthorized request to path /api/folders/2","level":"error"}
{"message":"Folder with id 123456 not found.","level":"error"}
{"message":"Folder with id 123456 not found.","level":"error"}
{"message":"Folder with id 2 deleted.","level":"info"}
{"message":"Name is required","level":"error"}
{"message":"Folder with id 9 created.","level":"info"}
{"message":"Folder with id 10 created.","level":"info"}
{"message":"Folder with id 123456 not found.","level":"error"}
{"message":"Folder with id 2 updated","level":"info"}
{"message":"Invalid update without required fields","level":"error"}
{"message":"Unauthorized request to path /api/folders","level":"error"}
{"message":"Unauthorized request to path /api/folders","level":"error"}
{"message":"Unauthorized request to path /api/folders/2","level":"error"}
{"message":"Unauthorized request to path /api/folders/2","level":"error"}
{"message":"Unauthorized request to path /api/folders/2","level":"error"}
{"message":"Folder with id 123456 not found.","level":"error"}
{"message":"Folder with id 123456 not found.","level":"error"}
{"message":"Folder with id 2 deleted.","level":"info"}
{"message":"Name is required","level":"error"}
{"message":"Folder with id 11 created.","level":"info"}
{"message":"Folder with id 12 created.","level":"info"}
{"message":"Folder with id 123456 not found.","level":"error"}
{"message":"Folder with id 2 updated","level":"info"}
{"message":"Invalid update without required fields","level":"error"}
{"message":"Unauthorized request to path /api/folders","level":"error"}
{"message":"Unauthorized request to path /api/folders","level":"error"}
{"message":"Unauthorized request to path /api/folders/2","level":"error"}
{"message":"Unauthorized request to path /api/folders/2","level":"error"}
{"message":"Unauthorized request to path /api/folders/2","level":"error"}
{"message":"Folder with id 123456 not found.","level":"error"}
{"message":"Folder with id 123456 not found.","level":"error"}
{"message":"Folder with id 2 deleted.","level":"info"}
{"message":"Name is required","level":"error"}
{"message":"Folder with id 13 created.","level":"info"}
{"message":"Folder with id 14 created.","level":"info"}
{"message":"Folder with id 123456 not found.","level":"error"}
{"message":"Folder with id 2 updated","level":"info"}
{"message":"Invalid update without required fields","level":"error"}
{"message":"Unauthorized request to path /api/folders","level":"error"}
{"message":"Unauthorized request to path /api/folders","level":"error"}
{"message":"Unauthorized request to path /api/folders/2","level":"error"}
{"message":"Unauthorized request to path /api/folders/2","level":"error"}
{"message":"Unauthorized request to path /api/folders/2","level":"error"}
{"message":"Folder with id 123456 not found.","level":"error"}
{"message":"Folder with id 123456 not found.","level":"error"}
{"message":"Folder with id 2 deleted.","level":"info"}
{"message":"Name is required","level":"error"}
{"message":"Folder with id 15 created.","level":"info"}
{"message":"Folder with id 16 created.","level":"info"}
{"message":"Folder with id 123456 not found.","level":"error"}
{"message":"Folder with id 2 updated","level":"info"}
{"message":"Invalid update without required fields","level":"error"}
{"message":"Unauthorized request to path /api/folders","level":"error"}
{"message":"Unauthorized request to path /api/folders","level":"error"}
{"message":"Unauthorized request to path /api/folders/2","level":"error"}
{"message":"Unauthorized request to path /api/folders/2","level":"error"}
{"message":"Unauthorized request to path /api/folders/2","level":"error"}
{"message":"Folder with id 123456 not found.","level":"error"}
{"message":"Folder with id 123456 not found.","level":"error"}
{"message":"Folder with id 2 deleted.","level":"info"}
{"message":"Name is required","level":"error"}
{"message":"Folder with id 17 created.","level":"info"}
{"message":"Folder with id 18 created.","level":"info"}
{"message":"Folder with id 123456 not found.","level":"error"}
{"message":"Folder with id 2 updated","level":"info"}
{"message":"Invalid update without required fields","level":"error"}
{"message":"Unauthorized request to path /api/notes","level":"error"}
{"message":"Unauthorized request to path /api/notes","level":"error"}
{"message":"Unauthorized request to path /api/notes/2","level":"error"}
{"message":"Unauthorized request to path /api/notes/2","level":"error"}
{"message":"Unauthorized request to path /api/notes/2","level":"error"}
{"message":"Unauthorized request to path /api/folders","level":"error"}
{"message":"Unauthorized request to path /api/folders","level":"error"}
{"message":"Unauthorized request to path /api/folders/2","level":"error"}
{"message":"Unauthorized request to path /api/folders/2","level":"error"}
{"message":"Unauthorized request to path /api/folders/2","level":"error"}
{"message":"Folder with id 123456 not found.","level":"error"}
{"message":"Folder with id 123456 not found.","level":"error"}
{"message":"Folder with id 2 deleted.","level":"info"}
{"message":"Name is required","level":"error"}
{"message":"Folder with id 19 created.","level":"info"}
{"message":"Folder with id 20 created.","level":"info"}
{"message":"Folder with id 123456 not found.","level":"error"}
{"message":"Folder with id 2 updated","level":"info"}
{"message":"Invalid update without required fields","level":"error"}
{"message":"Unauthorized request to path /api/notes","level":"error"}
{"message":"Unauthorized request to path /api/notes","level":"error"}
{"message":"Unauthorized request to path /api/notes/2","level":"error"}
{"message":"Unauthorized request to path /api/notes/2","level":"error"}
{"message":"Unauthorized request to path /api/notes/2","level":"error"}
{"message":"Unauthorized request to path /api/folders","level":"error"}
{"message":"Unauthorized request to path /api/folders","level":"error"}
{"message":"Unauthorized request to path /api/folders/2","level":"error"}
{"message":"Unauthorized request to path /api/folders/2","level":"error"}
{"message":"Unauthorized request to path /api/folders/2","level":"error"}
{"message":"Folder with id 123456 not found.","level":"error"}
{"message":"Folder with id 123456 not found.","level":"error"}
{"message":"Folder with id 2 deleted.","level":"info"}
{"message":"Name is required","level":"error"}
{"message":"Folder with id 21 created.","level":"info"}
{"message":"Folder with id 22 created.","level":"info"}
{"message":"Folder with id 123456 not found.","level":"error"}
{"message":"Folder with id 2 updated","level":"info"}
{"message":"Invalid update without required fields","level":"error"}
{"message":"Unauthorized request to path /api/notes","level":"error"}
{"message":"Unauthorized request to path /api/notes","level":"error"}
{"message":"Unauthorized request to path /api/notes/2","level":"error"}
{"message":"Unauthorized request to path /api/notes/2","level":"error"}
{"message":"Unauthorized request to path /api/notes/2","level":"error"}
{"message":"Note with id 123456 not found.","level":"error"}
{"message":"Unauthorized request to path /api/folders","level":"error"}
{"message":"Unauthorized request to path /api/folders","level":"error"}
{"message":"Unauthorized request to path /api/folders/2","level":"error"}
{"message":"Unauthorized request to path /api/folders/2","level":"error"}
{"message":"Unauthorized request to path /api/folders/2","level":"error"}
{"message":"Folder with id 123456 not found.","level":"error"}
{"message":"Folder with id 123456 not found.","level":"error"}
{"message":"Folder with id 2 deleted.","level":"info"}
{"message":"Name is required","level":"error"}
{"message":"Folder with id 23 created.","level":"info"}
{"message":"Folder with id 24 created.","level":"info"}
{"message":"Folder with id 123456 not found.","level":"error"}
{"message":"Folder with id 2 updated","level":"info"}
{"message":"Invalid update without required fields","level":"error"}
{"message":"Unauthorized request to path /api/notes","level":"error"}
{"message":"Unauthorized request to path /api/notes","level":"error"}
{"message":"Unauthorized request to path /api/notes/2","level":"error"}
{"message":"Unauthorized request to path /api/notes/2","level":"error"}
{"message":"Unauthorized request to path /api/notes/2","level":"error"}
{"message":"Note with id 123456 not found.","level":"error"}
{"message":"Note with id 123456 not found.","level":"error"}
{"message":"Note with id 2 deleted.","level":"info"}
{"message":"Unauthorized request to path /api/folders","level":"error"}
{"message":"Unauthorized request to path /api/folders","level":"error"}
{"message":"Unauthorized request to path /api/folders/2","level":"error"}
{"message":"Unauthorized request to path /api/folders/2","level":"error"}
{"message":"Unauthorized request to path /api/folders/2","level":"error"}
{"message":"Folder with id 123456 not found.","level":"error"}
{"message":"Folder with id 123456 not found.","level":"error"}
{"message":"Folder with id 2 deleted.","level":"info"}
{"message":"Name is required","level":"error"}
{"message":"Folder with id 25 created.","level":"info"}
{"message":"Folder with id 26 created.","level":"info"}
{"message":"Folder with id 123456 not found.","level":"error"}
{"message":"Folder with id 2 updated","level":"info"}
{"message":"Invalid update without required fields","level":"error"}
{"message":"Unauthorized request to path /api/notes","level":"error"}
{"message":"Unauthorized request to path /api/notes","level":"error"}
{"message":"Unauthorized request to path /api/notes/2","level":"error"}
{"message":"Unauthorized request to path /api/notes/2","level":"error"}
{"message":"Unauthorized request to path /api/notes/2","level":"error"}
{"message":"Note with id 123456 not found.","level":"error"}
{"message":"Note with id 123456 not found.","level":"error"}
{"message":"Note with id 2 deleted.","level":"info"}
{"message":"Unauthorized request to path /api/folders","level":"error"}
{"message":"Unauthorized request to path /api/folders","level":"error"}
{"message":"Unauthorized request to path /api/folders/2","level":"error"}
{"message":"Unauthorized request to path /api/folders/2","level":"error"}
{"message":"Unauthorized request to path /api/folders/2","level":"error"}
{"message":"Folder with id 123456 not found.","level":"error"}
{"message":"Folder with id 123456 not found.","level":"error"}
{"message":"Folder with id 2 deleted.","level":"info"}
{"message":"Name is required","level":"error"}
{"message":"Folder with id 27 created.","level":"info"}
{"message":"Folder with id 28 created.","level":"info"}
{"message":"Folder with id 123456 not found.","level":"error"}
{"message":"Folder with id 2 updated","level":"info"}
{"message":"Invalid update without required fields","level":"error"}
{"message":"Unauthorized request to path /api/notes","level":"error"}
{"message":"Unauthorized request to path /api/notes","level":"error"}
{"message":"Unauthorized request to path /api/notes/2","level":"error"}
{"message":"Unauthorized request to path /api/notes/2","level":"error"}
{"message":"Unauthorized request to path /api/notes/2","level":"error"}
{"message":"Note with id 123456 not found.","level":"error"}
{"message":"Note with id 123456 not found.","level":"error"}
{"message":"Note with id 2 deleted.","level":"info"}
{"message":"Unauthorized request to path /api/folders","level":"error"}
{"message":"Unauthorized request to path /api/folders","level":"error"}
{"message":"Unauthorized request to path /api/folders/2","level":"error"}
{"message":"Unauthorized request to path /api/folders/2","level":"error"}
{"message":"Unauthorized request to path /api/folders/2","level":"error"}
{"message":"Folder with id 123456 not found.","level":"error"}
{"message":"Folder with id 123456 not found.","level":"error"}
{"message":"Folder with id 2 deleted.","level":"info"}
{"message":"Name is required","level":"error"}
{"message":"Folder with id 29 created.","level":"info"}
{"message":"Folder with id 30 created.","level":"info"}
{"message":"Folder with id 123456 not found.","level":"error"}
{"message":"Folder with id 2 updated","level":"info"}
{"message":"Invalid update without required fields","level":"error"}
{"message":"Unauthorized request to path /api/notes","level":"error"}
{"message":"Unauthorized request to path /api/notes","level":"error"}
{"message":"Unauthorized request to path /api/notes/2","level":"error"}
{"message":"Unauthorized request to path /api/notes/2","level":"error"}
{"message":"Unauthorized request to path /api/notes/2","level":"error"}
{"message":"Note with id 123456 not found.","level":"error"}
{"message":"Note with id 123456 not found.","level":"error"}
{"message":"Note with id 2 deleted.","level":"info"}
{"message":"Unauthorized request to path /api/folders","level":"error"}
{"message":"Unauthorized request to path /api/folders","level":"error"}
{"message":"Unauthorized request to path /api/folders/2","level":"error"}
{"message":"Unauthorized request to path /api/folders/2","level":"error"}
{"message":"Unauthorized request to path /api/folders/2","level":"error"}
{"message":"Folder with id 123456 not found.","level":"error"}
{"message":"Folder with id 123456 not found.","level":"error"}
{"message":"Folder with id 2 deleted.","level":"info"}
{"message":"Name is required","level":"error"}
{"message":"Folder with id 31 created.","level":"info"}
{"message":"Folder with id 32 created.","level":"info"}
{"message":"Folder with id 123456 not found.","level":"error"}
{"message":"Folder with id 2 updated","level":"info"}
{"message":"Invalid update without required fields","level":"error"}
{"message":"Unauthorized request to path /api/notes","level":"error"}
{"message":"Unauthorized request to path /api/notes","level":"error"}
{"message":"Unauthorized request to path /api/notes/2","level":"error"}
{"message":"Unauthorized request to path /api/notes/2","level":"error"}
{"message":"Unauthorized request to path /api/notes/2","level":"error"}
{"message":"Note with id 123456 not found.","level":"error"}
{"message":"Note with id 123456 not found.","level":"error"}
{"message":"Note with id 2 deleted.","level":"info"}
{"message":"Note with id 16 created.","level":"info"}
{"message":"Unauthorized request to path /api/folders","level":"error"}
{"message":"Unauthorized request to path /api/folders","level":"error"}
{"message":"Unauthorized request to path /api/folders/2","level":"error"}
{"message":"Unauthorized request to path /api/folders/2","level":"error"}
{"message":"Unauthorized request to path /api/folders/2","level":"error"}
{"message":"Folder with id 123456 not found.","level":"error"}
{"message":"Folder with id 123456 not found.","level":"error"}
{"message":"Folder with id 2 deleted.","level":"info"}
{"message":"Name is required","level":"error"}
{"message":"Folder with id 33 created.","level":"info"}
{"message":"Folder with id 34 created.","level":"info"}
{"message":"Folder with id 123456 not found.","level":"error"}
{"message":"Folder with id 2 updated","level":"info"}
{"message":"Invalid update without required fields","level":"error"}
{"message":"Unauthorized request to path /api/notes","level":"error"}
{"message":"Unauthorized request to path /api/notes","level":"error"}
{"message":"Unauthorized request to path /api/notes/2","level":"error"}
{"message":"Unauthorized request to path /api/notes/2","level":"error"}
{"message":"Unauthorized request to path /api/notes/2","level":"error"}
{"message":"Note with id 123456 not found.","level":"error"}
{"message":"Note with id 123456 not found.","level":"error"}
{"message":"Note with id 2 deleted.","level":"info"}
{"message":"Note with id 20 created.","level":"info"}
{"message":"Unauthorized request to path /api/folders","level":"error"}
{"message":"Unauthorized request to path /api/folders","level":"error"}
{"message":"Unauthorized request to path /api/folders/2","level":"error"}
{"message":"Unauthorized request to path /api/folders/2","level":"error"}
{"message":"Unauthorized request to path /api/folders/2","level":"error"}
{"message":"Folder with id 123456 not found.","level":"error"}
{"message":"Folder with id 123456 not found.","level":"error"}
{"message":"Folder with id 2 deleted.","level":"info"}
{"message":"Name is required","level":"error"}
{"message":"Folder with id 35 created.","level":"info"}
{"message":"Folder with id 36 created.","level":"info"}
{"message":"Folder with id 123456 not found.","level":"error"}
{"message":"Folder with id 2 updated","level":"info"}
{"message":"Invalid update without required fields","level":"error"}
{"message":"Unauthorized request to path /api/notes","level":"error"}
{"message":"Unauthorized request to path /api/notes","level":"error"}
{"message":"Unauthorized request to path /api/notes/2","level":"error"}
{"message":"Unauthorized request to path /api/notes/2","level":"error"}
{"message":"Unauthorized request to path /api/notes/2","level":"error"}
{"message":"Note with id 123456 not found.","level":"error"}
{"message":"Note with id 123456 not found.","level":"error"}
{"message":"Note with id 2 deleted.","level":"info"}
{"message":"Note with id 22 created.","level":"info"}
{"message":"Unauthorized request to path /api/folders","level":"error"}
{"message":"Unauthorized request to path /api/folders","level":"error"}
{"message":"Unauthorized request to path /api/folders/2","level":"error"}
{"message":"Unauthorized request to path /api/folders/2","level":"error"}
{"message":"Unauthorized request to path /api/folders/2","level":"error"}
{"message":"Folder with id 123456 not found.","level":"error"}
{"message":"Folder with id 123456 not found.","level":"error"}
{"message":"Folder with id 2 deleted.","level":"info"}
{"message":"Name is required","level":"error"}
{"message":"Folder with id 37 created.","level":"info"}
{"message":"Folder with id 38 created.","level":"info"}
{"message":"Folder with id 123456 not found.","level":"error"}
{"message":"Folder with id 2 updated","level":"info"}
{"message":"Invalid update without required fields","level":"error"}
{"message":"Unauthorized request to path /api/notes","level":"error"}
{"message":"Unauthorized request to path /api/notes","level":"error"}
{"message":"Unauthorized request to path /api/notes/2","level":"error"}
{"message":"Unauthorized request to path /api/notes/2","level":"error"}
{"message":"Unauthorized request to path /api/notes/2","level":"error"}
{"message":"Note with id 123456 not found.","level":"error"}
{"message":"Note with id 123456 not found.","level":"error"}
{"message":"Note with id 2 deleted.","level":"info"}
{"message":"Note with id 23 created.","level":"info"}
{"message":"Unauthorized request to path /api/folders","level":"error"}
{"message":"Unauthorized request to path /api/folders","level":"error"}
{"message":"Unauthorized request to path /api/folders/2","level":"error"}
{"message":"Unauthorized request to path /api/folders/2","level":"error"}
{"message":"Unauthorized request to path /api/folders/2","level":"error"}
{"message":"Folder with id 123456 not found.","level":"error"}
{"message":"Folder with id 123456 not found.","level":"error"}
{"message":"Folder with id 2 deleted.","level":"info"}
{"message":"Name is required","level":"error"}
{"message":"Folder with id 39 created.","level":"info"}
{"message":"Folder with id 40 created.","level":"info"}
{"message":"Folder with id 123456 not found.","level":"error"}
{"message":"Folder with id 2 updated","level":"info"}
{"message":"Invalid update without required fields","level":"error"}
{"message":"Unauthorized request to path /api/notes","level":"error"}
{"message":"Unauthorized request to path /api/notes","level":"error"}
{"message":"Unauthorized request to path /api/notes/2","level":"error"}
{"message":"Unauthorized request to path /api/notes/2","level":"error"}
{"message":"Unauthorized request to path /api/notes/2","level":"error"}
{"message":"Note with id 123456 not found.","level":"error"}
{"message":"Note with id 123456 not found.","level":"error"}
{"message":"Note with id 2 deleted.","level":"info"}
{"message":"'name' is required","level":"error"}
{"message":"'folder_id' is required","level":"error"}
{"message":"'content' is required","level":"error"}
{"message":"Note with id 24 created.","level":"info"}
{"message":"Unauthorized request to path /api/folders","level":"error"}
{"message":"Unauthorized request to path /api/folders","level":"error"}
{"message":"Unauthorized request to path /api/folders/2","level":"error"}
{"message":"Unauthorized request to path /api/folders/2","level":"error"}
{"message":"Unauthorized request to path /api/folders/2","level":"error"}
{"message":"Folder with id 123456 not found.","level":"error"}
{"message":"Folder with id 123456 not found.","level":"error"}
{"message":"Folder with id 2 deleted.","level":"info"}
{"message":"Name is required","level":"error"}
{"message":"Folder with id 41 created.","level":"info"}
{"message":"Folder with id 42 created.","level":"info"}
{"message":"Folder with id 123456 not found.","level":"error"}
{"message":"Folder with id 2 updated","level":"info"}
{"message":"Invalid update without required fields","level":"error"}
{"message":"Unauthorized request to path /api/notes","level":"error"}
{"message":"Unauthorized request to path /api/notes","level":"error"}
{"message":"Unauthorized request to path /api/notes/2","level":"error"}
{"message":"Unauthorized request to path /api/notes/2","level":"error"}
{"message":"Unauthorized request to path /api/notes/2","level":"error"}
{"message":"Note with id 123456 not found.","level":"error"}
{"message":"Note with id 123456 not found.","level":"error"}
{"message":"Note with id 2 deleted.","level":"info"}
{"message":"'name' is required","level":"error"}
{"message":"'folder_id' is required","level":"error"}
{"message":"'content' is required","level":"error"}
{"message":"Note with id 25 created.","level":"info"}
{"message":"Note with id 26 created.","level":"info"}
{"message":"Unauthorized request to path /api/folders","level":"error"}
{"message":"Unauthorized request to path /api/folders","level":"error"}
{"message":"Unauthorized request to path /api/folders/2","level":"error"}
{"message":"Unauthorized request to path /api/folders/2","level":"error"}
{"message":"Unauthorized request to path /api/folders/2","level":"error"}
{"message":"Folder with id 123456 not found.","level":"error"}
{"message":"Folder with id 123456 not found.","level":"error"}
{"message":"Folder with id 2 deleted.","level":"info"}
{"message":"Name is required","level":"error"}
{"message":"Folder with id 43 created.","level":"info"}
{"message":"Folder with id 44 created.","level":"info"}
{"message":"Folder with id 123456 not found.","level":"error"}
{"message":"Folder with id 2 updated","level":"info"}
{"message":"Invalid update without required fields","level":"error"}
{"message":"Unauthorized request to path /api/notes","level":"error"}
{"message":"Unauthorized request to path /api/notes","level":"error"}
{"message":"Unauthorized request to path /api/notes/2","level":"error"}
{"message":"Unauthorized request to path /api/notes/2","level":"error"}
{"message":"Unauthorized request to path /api/notes/2","level":"error"}
{"message":"Note with id 123456 not found.","level":"error"}
{"message":"Note with id 123456 not found.","level":"error"}
{"message":"Note with id 2 deleted.","level":"info"}
{"message":"'name' is required","level":"error"}
{"message":"'folder_id' is required","level":"error"}
{"message":"'content' is required","level":"error"}
{"message":"Note with id 27 created.","level":"info"}
{"message":"Note with id 28 created.","level":"info"}
{"message":"Unauthorized request to path /api/folders","level":"error"}
{"message":"Unauthorized request to path /api/folders","level":"error"}
{"message":"Unauthorized request to path /api/folders/2","level":"error"}
{"message":"Unauthorized request to path /api/folders/2","level":"error"}
{"message":"Unauthorized request to path /api/folders/2","level":"error"}
{"message":"Folder with id 123456 not found.","level":"error"}
{"message":"Folder with id 123456 not found.","level":"error"}
{"message":"Folder with id 2 deleted.","level":"info"}
{"message":"Name is required","level":"error"}
{"message":"Folder with id 45 created.","level":"info"}
{"message":"Folder with id 46 created.","level":"info"}
{"message":"Folder with id 123456 not found.","level":"error"}
{"message":"Folder with id 2 updated","level":"info"}
{"message":"Invalid update without required fields","level":"error"}
{"message":"Unauthorized request to path /api/notes","level":"error"}
{"message":"Unauthorized request to path /api/notes","level":"error"}
{"message":"Unauthorized request to path /api/notes/2","level":"error"}
{"message":"Unauthorized request to path /api/notes/2","level":"error"}
{"message":"Unauthorized request to path /api/notes/2","level":"error"}
{"message":"Note with id 123456 not found.","level":"error"}
{"message":"Note with id 123456 not found.","level":"error"}
{"message":"Note with id 2 deleted.","level":"info"}
{"message":"'name' is required","level":"error"}
{"message":"'folder_id' is required","level":"error"}
{"message":"'content' is required","level":"error"}
{"message":"Note with id 29 created.","level":"info"}
{"message":"Note with id 30 created.","level":"info"}
{"message":"Unauthorized request to path /api/folders","level":"error"}
{"message":"Unauthorized request to path /api/folders","level":"error"}
{"message":"Unauthorized request to path /api/folders/2","level":"error"}
{"message":"Unauthorized request to path /api/folders/2","level":"error"}
{"message":"Unauthorized request to path /api/folders/2","level":"error"}
{"message":"Folder with id 123456 not found.","level":"error"}
{"message":"Folder with id 123456 not found.","level":"error"}
{"message":"Folder with id 2 deleted.","level":"info"}
{"message":"Name is required","level":"error"}
{"message":"Folder with id 47 created.","level":"info"}
{"message":"Folder with id 48 created.","level":"info"}
{"message":"Folder with id 123456 not found.","level":"error"}
{"message":"Folder with id 2 updated","level":"info"}
{"message":"Invalid update without required fields","level":"error"}
{"message":"Unauthorized request to path /api/notes","level":"error"}
{"message":"Unauthorized request to path /api/notes","level":"error"}
{"message":"Unauthorized request to path /api/notes/2","level":"error"}
{"message":"Unauthorized request to path /api/notes/2","level":"error"}
{"message":"Unauthorized request to path /api/notes/2","level":"error"}
{"message":"Note with id 123456 not found.","level":"error"}
{"message":"Note with id 123456 not found.","level":"error"}
{"message":"Note with id 2 deleted.","level":"info"}
{"message":"'name' is required","level":"error"}
{"message":"'folder_id' is required","level":"error"}
{"message":"'content' is required","level":"error"}
{"message":"Note with id 31 created.","level":"info"}
{"message":"Note with id 32 created.","level":"info"}
{"message":"Unauthorized request to path /api/folders","level":"error"}
{"message":"Unauthorized request to path /api/folders","level":"error"}
{"message":"Unauthorized request to path /api/folders/2","level":"error"}
{"message":"Unauthorized request to path /api/folders/2","level":"error"}
{"message":"Unauthorized request to path /api/folders/2","level":"error"}
{"message":"Folder with id 123456 not found.","level":"error"}
{"message":"Folder with id 123456 not found.","level":"error"}
{"message":"Folder with id 2 deleted.","level":"info"}
{"message":"Name is required","level":"error"}
{"message":"Folder with id 49 created.","level":"info"}
{"message":"Folder with id 50 created.","level":"info"}
{"message":"Folder with id 123456 not found.","level":"error"}
{"message":"Folder with id 2 updated","level":"info"}
{"message":"Invalid update without required fields","level":"error"}
{"message":"Unauthorized request to path /api/notes","level":"error"}
{"message":"Unauthorized request to path /api/notes","level":"error"}
{"message":"Unauthorized request to path /api/notes/2","level":"error"}
{"message":"Unauthorized request to path /api/notes/2","level":"error"}
{"message":"Unauthorized request to path /api/notes/2","level":"error"}
{"message":"Note with id 123456 not found.","level":"error"}
{"message":"Note with id 123456 not found.","level":"error"}
{"message":"Note with id 2 deleted.","level":"info"}
{"message":"'name' is required","level":"error"}
{"message":"'folder_id' is required","level":"error"}
{"message":"'content' is required","level":"error"}
{"message":"Note with id 33 created.","level":"info"}
{"message":"Note with id 34 created.","level":"info"}
{"message":"Note with id 123456 not found.","level":"error"}
{"message":"Unauthorized request to path /api/folders","level":"error"}
{"message":"Unauthorized request to path /api/folders","level":"error"}
{"message":"Unauthorized request to path /api/folders/2","level":"error"}
{"message":"Unauthorized request to path /api/folders/2","level":"error"}
{"message":"Unauthorized request to path /api/folders/2","level":"error"}
{"message":"Folder with id 123456 not found.","level":"error"}
{"message":"Folder with id 123456 not found.","level":"error"}
{"message":"Folder with id 2 deleted.","level":"info"}
{"message":"Name is required","level":"error"}
{"message":"Folder with id 51 created.","level":"info"}
{"message":"Folder with id 52 created.","level":"info"}
{"message":"Folder with id 123456 not found.","level":"error"}
{"message":"Folder with id 2 updated","level":"info"}
{"message":"Invalid update without required fields","level":"error"}
{"message":"Unauthorized request to path /api/notes","level":"error"}
{"message":"Unauthorized request to path /api/notes","level":"error"}
{"message":"Unauthorized request to path /api/notes/2","level":"error"}
{"message":"Unauthorized request to path /api/notes/2","level":"error"}
{"message":"Unauthorized request to path /api/notes/2","level":"error"}
{"message":"Note with id 123456 not found.","level":"error"}
{"message":"Note with id 123456 not found.","level":"error"}
{"message":"Note with id 2 deleted.","level":"info"}
{"message":"'name' is required","level":"error"}
{"message":"'folder_id' is required","level":"error"}
{"message":"'content' is required","level":"error"}
{"message":"Note with id 35 created.","level":"info"}
{"message":"Note with id 36 created.","level":"info"}
{"message":"Note with id 123456 not found.","level":"error"}
{"message":"Unauthorized request to path /api/folders","level":"error"}
{"message":"Unauthorized request to path /api/folders","level":"error"}
{"message":"Unauthorized request to path /api/folders/2","level":"error"}
{"message":"Unauthorized request to path /api/folders/2","level":"error"}
{"message":"Unauthorized request to path /api/folders/2","level":"error"}
{"message":"Folder with id 123456 not found.","level":"error"}
{"message":"Folder with id 123456 not found.","level":"error"}
{"message":"Folder with id 2 deleted.","level":"info"}
{"message":"Name is required","level":"error"}
{"message":"Folder with id 53 created.","level":"info"}
{"message":"Folder with id 54 created.","level":"info"}
{"message":"Folder with id 123456 not found.","level":"error"}
{"message":"Folder with id 2 updated","level":"info"}
{"message":"Invalid update without required fields","level":"error"}
{"message":"Unauthorized request to path /api/notes","level":"error"}
{"message":"Unauthorized request to path /api/notes","level":"error"}
{"message":"Unauthorized request to path /api/notes/2","level":"error"}
{"message":"Unauthorized request to path /api/notes/2","level":"error"}
{"message":"Unauthorized request to path /api/notes/2","level":"error"}
{"message":"Note with id 123456 not found.","level":"error"}
{"message":"Note with id 123456 not found.","level":"error"}
{"message":"Note with id 2 deleted.","level":"info"}
{"message":"'name' is required","level":"error"}
{"message":"'folder_id' is required","level":"error"}
{"message":"'content' is required","level":"error"}
{"message":"Note with id 37 created.","level":"info"}
{"message":"Note with id 38 created.","level":"info"}
{"message":"Note with id 123456 not found.","level":"error"}
{"message":"Unauthorized request to path /api/folders","level":"error"}
{"message":"Unauthorized request to path /api/folders","level":"error"}
{"message":"Unauthorized request to path /api/folders/2","level":"error"}
{"message":"Unauthorized request to path /api/folders/2","level":"error"}
{"message":"Unauthorized request to path /api/folders/2","level":"error"}
{"message":"Folder with id 123456 not found.","level":"error"}
{"message":"Folder with id 123456 not found.","level":"error"}
{"message":"Folder with id 2 deleted.","level":"info"}
{"message":"Name is required","level":"error"}
{"message":"Folder with id 55 created.","level":"info"}
{"message":"Folder with id 56 created.","level":"info"}
{"message":"Folder with id 123456 not found.","level":"error"}
{"message":"Folder with id 2 updated","level":"info"}
{"message":"Invalid update without required fields","level":"error"}
{"message":"Unauthorized request to path /api/notes","level":"error"}
{"message":"Unauthorized request to path /api/notes","level":"error"}
{"message":"Unauthorized request to path /api/notes/2","level":"error"}
{"message":"Unauthorized request to path /api/notes/2","level":"error"}
{"message":"Unauthorized request to path /api/notes/2","level":"error"}
{"message":"Note with id 123456 not found.","level":"error"}
{"message":"Note with id 123456 not found.","level":"error"}
{"message":"Note with id 2 deleted.","level":"info"}
{"message":"'name' is required","level":"error"}
{"message":"'folder_id' is required","level":"error"}
{"message":"'content' is required","level":"error"}
{"message":"Note with id 39 created.","level":"info"}
{"message":"Note with id 40 created.","level":"info"}
{"message":"Note with id 123456 not found.","level":"error"}
{"message":"Unauthorized request to path /api/folders","level":"error"}
{"message":"Unauthorized request to path /api/folders","level":"error"}
{"message":"Unauthorized request to path /api/folders/2","level":"error"}
{"message":"Unauthorized request to path /api/folders/2","level":"error"}
{"message":"Unauthorized request to path /api/folders/2","level":"error"}
{"message":"Folder with id 123456 not found.","level":"error"}
{"message":"Folder with id 123456 not found.","level":"error"}
{"message":"Folder with id 2 deleted.","level":"info"}
{"message":"Name is required","level":"error"}
{"message":"Folder with id 57 created.","level":"info"}
{"message":"Folder with id 58 created.","level":"info"}
{"message":"Folder with id 123456 not found.","level":"error"}
{"message":"Folder with id 2 updated","level":"info"}
{"message":"Invalid update without required fields","level":"error"}
{"message":"Unauthorized request to path /api/notes","level":"error"}
{"message":"Unauthorized request to path /api/notes","level":"error"}
{"message":"Unauthorized request to path /api/notes/2","level":"error"}
{"message":"Unauthorized request to path /api/notes/2","level":"error"}
{"message":"Unauthorized request to path /api/notes/2","level":"error"}
{"message":"Note with id 123456 not found.","level":"error"}
{"message":"Note with id 123456 not found.","level":"error"}
{"message":"Note with id 2 deleted.","level":"info"}
{"message":"'name' is required","level":"error"}
{"message":"'folder_id' is required","level":"error"}
{"message":"'content' is required","level":"error"}
{"message":"Note with id 41 created.","level":"info"}
{"message":"Note with id 42 created.","level":"info"}
{"message":"Note with id 123456 not found.","level":"error"}
{"message":"Unauthorized request to path /api/folders","level":"error"}
{"message":"Unauthorized request to path /api/folders","level":"error"}
{"message":"Unauthorized request to path /api/folders/2","level":"error"}
{"message":"Unauthorized request to path /api/folders/2","level":"error"}
{"message":"Unauthorized request to path /api/folders/2","level":"error"}
{"message":"Folder with id 123456 not found.","level":"error"}
{"message":"Folder with id 123456 not found.","level":"error"}
{"message":"Folder with id 2 deleted.","level":"info"}
{"message":"Name is required","level":"error"}
{"message":"Folder with id 59 created.","level":"info"}
{"message":"Folder with id 60 created.","level":"info"}
{"message":"Folder with id 123456 not found.","level":"error"}
{"message":"Folder with id 2 updated","level":"info"}
{"message":"Invalid update without required fields","level":"error"}
{"message":"Unauthorized request to path /api/notes","level":"error"}
{"message":"Unauthorized request to path /api/notes","level":"error"}
{"message":"Unauthorized request to path /api/notes/2","level":"error"}
{"message":"Unauthorized request to path /api/notes/2","level":"error"}
{"message":"Unauthorized request to path /api/notes/2","level":"error"}
{"message":"Note with id 123456 not found.","level":"error"}
{"message":"Note with id 123456 not found.","level":"error"}
{"message":"Note with id 2 deleted.","level":"info"}
{"message":"'name' is required","level":"error"}
{"message":"'folder_id' is required","level":"error"}
{"message":"'content' is required","level":"error"}
{"message":"Note with id 43 created.","level":"info"}
{"message":"Note with id 44 created.","level":"info"}
{"message":"Note with id 123456 not found.","level":"error"}
{"message":"Unauthorized request to path /api/folders","level":"error"}
{"message":"Unauthorized request to path /api/folders","level":"error"}
{"message":"Unauthorized request to path /api/folders/2","level":"error"}
{"message":"Unauthorized request to path /api/folders/2","level":"error"}
{"message":"Unauthorized request to path /api/folders/2","level":"error"}
{"message":"Folder with id 123456 not found.","level":"error"}
{"message":"Folder with id 123456 not found.","level":"error"}
{"message":"Folder with id 2 deleted.","level":"info"}
{"message":"Name is required","level":"error"}
{"message":"Folder with id 61 created.","level":"info"}
{"message":"Folder with id 62 created.","level":"info"}
{"message":"Folder with id 123456 not found.","level":"error"}
{"message":"Folder with id 2 updated","level":"info"}
{"message":"Invalid update without required fields","level":"error"}
{"message":"Unauthorized request to path /api/notes","level":"error"}
{"message":"Unauthorized request to path /api/notes","level":"error"}
{"message":"Unauthorized request to path /api/notes/2","level":"error"}
{"message":"Unauthorized request to path /api/notes/2","level":"error"}
{"message":"Unauthorized request to path /api/notes/2","level":"error"}
{"message":"Note with id 123456 not found.","level":"error"}
{"message":"Note with id 123456 not found.","level":"error"}
{"message":"Note with id 2 deleted.","level":"info"}
{"message":"'name' is required","level":"error"}
{"message":"'folder_id' is required","level":"error"}
{"message":"'content' is required","level":"error"}
{"message":"Note with id 45 created.","level":"info"}
{"message":"Note with id 46 created.","level":"info"}
{"message":"Note with id 123456 not found.","level":"error"}
{"message":"Unauthorized request to path /api/folders","level":"error"}
{"message":"Unauthorized request to path /api/folders","level":"error"}
{"message":"Unauthorized request to path /api/folders/2","level":"error"}
{"message":"Unauthorized request to path /api/folders/2","level":"error"}
{"message":"Unauthorized request to path /api/folders/2","level":"error"}
{"message":"Folder with id 123456 not found.","level":"error"}
{"message":"Folder with id 123456 not found.","level":"error"}
{"message":"Folder with id 2 deleted.","level":"info"}
{"message":"Name is required","level":"error"}
{"message":"Folder with id 63 created.","level":"info"}
{"message":"Folder with id 64 created.","level":"info"}
{"message":"Folder with id 123456 not found.","level":"error"}
{"message":"Folder with id 2 updated","level":"info"}
{"message":"Invalid update without required fields","level":"error"}
{"message":"Unauthorized request to path /api/notes","level":"error"}
{"message":"Unauthorized request to path /api/notes","level":"error"}
{"message":"Unauthorized request to path /api/notes/2","level":"error"}
{"message":"Unauthorized request to path /api/notes/2","level":"error"}
{"message":"Unauthorized request to path /api/notes/2","level":"error"}
{"message":"Note with id 123456 not found.","level":"error"}
{"message":"Note with id 123456 not found.","level":"error"}
{"message":"Note with id 2 deleted.","level":"info"}
{"message":"'name' is required","level":"error"}
{"message":"'folder_id' is required","level":"error"}
{"message":"'content' is required","level":"error"}
{"message":"Note with id 47 created.","level":"info"}
{"message":"Note with id 48 created.","level":"info"}
{"message":"Note with id 123456 not found.","level":"error"}
{"message":"Unauthorized request to path /api/folders","level":"error"}
{"message":"Unauthorized request to path /api/folders","level":"error"}
{"message":"Unauthorized request to path /api/folders/2","level":"error"}
{"message":"Unauthorized request to path /api/folders/2","level":"error"}
{"message":"Unauthorized request to path /api/folders/2","level":"error"}
{"message":"Folder with id 123456 not found.","level":"error"}
{"message":"Folder with id 123456 not found.","level":"error"}
{"message":"Folder with id 2 deleted.","level":"info"}
{"message":"Name is required","level":"error"}
{"message":"Folder with id 65 created.","level":"info"}
{"message":"Folder with id 66 created.","level":"info"}
{"message":"Folder with id 123456 not found.","level":"error"}
{"message":"Folder with id 2 updated","level":"info"}
{"message":"Invalid update without required fields","level":"error"}
{"message":"Unauthorized request to path /api/notes","level":"error"}
{"message":"Unauthorized request to path /api/notes","level":"error"}
{"message":"Unauthorized request to path /api/notes/2","level":"error"}
{"message":"Unauthorized request to path /api/notes/2","level":"error"}
{"message":"Unauthorized request to path /api/notes/2","level":"error"}
{"message":"Note with id 123456 not found.","level":"error"}
{"message":"Note with id 123456 not found.","level":"error"}
{"message":"Note with id 2 deleted.","level":"info"}
{"message":"'name' is required","level":"error"}
{"message":"'folder_id' is required","level":"error"}
{"message":"'content' is required","level":"error"}
{"message":"Note with id 49 created.","level":"info"}
{"message":"Note with id 50 created.","level":"info"}
{"message":"Note with id 123456 not found.","level":"error"}
{"message":"Unauthorized request to path /api/folders","level":"error"}
{"message":"Unauthorized request to path /api/folders","level":"error"}
{"message":"Unauthorized request to path /api/folders/2","level":"error"}
{"message":"Unauthorized request to path /api/folders/2","level":"error"}
{"message":"Unauthorized request to path /api/folders/2","level":"error"}
{"message":"Folder with id 123456 not found.","level":"error"}
{"message":"Folder with id 123456 not found.","level":"error"}
{"message":"Folder with id 2 deleted.","level":"info"}
{"message":"Name is required","level":"error"}
{"message":"Folder with id 67 created.","level":"info"}
{"message":"Folder with id 68 created.","level":"info"}
{"message":"Folder with id 123456 not found.","level":"error"}
{"message":"Folder with id 2 updated","level":"info"}
{"message":"Invalid update without required fields","level":"error"}
{"message":"Unauthorized request to path /api/notes","level":"error"}
{"message":"Unauthorized request to path /api/notes","level":"error"}
{"message":"Unauthorized request to path /api/notes/2","level":"error"}
{"message":"Unauthorized request to path /api/notes/2","level":"error"}
{"message":"Unauthorized request to path /api/notes/2","level":"error"}
{"message":"Note with id 123456 not found.","level":"error"}
{"message":"Note with id 123456 not found.","level":"error"}
{"message":"Note with id 2 deleted.","level":"info"}
{"message":"'name' is required","level":"error"}
{"message":"'folder_id' is required","level":"error"}
{"message":"'content' is required","level":"error"}
{"message":"Note with id 51 created.","level":"info"}
{"message":"Note with id 52 created.","level":"info"}
{"message":"Note with id 123456 not found.","level":"error"}
{"message":"Unauthorized request to path /api/folders","level":"error"}
{"message":"Unauthorized request to path /api/folders","level":"error"}
{"message":"Unauthorized request to path /api/folders/2","level":"error"}
{"message":"Unauthorized request to path /api/folders/2","level":"error"}
{"message":"Unauthorized request to path /api/folders/2","level":"error"}
{"message":"Folder with id 123456 not found.","level":"error"}
{"message":"Folder with id 123456 not found.","level":"error"}
{"message":"Folder with id 2 deleted.","level":"info"}
{"message":"Name is required","level":"error"}
{"message":"Folder with id 69 created.","level":"info"}
{"message":"Folder with id 70 created.","level":"info"}
{"message":"Folder with id 123456 not found.","level":"error"}
{"message":"Folder with id 2 updated","level":"info"}
{"message":"Invalid update without required fields","level":"error"}
{"message":"Unauthorized request to path /api/notes","level":"error"}
{"message":"Unauthorized request to path /api/notes","level":"error"}
{"message":"Unauthorized request to path /api/notes/2","level":"error"}
{"message":"Unauthorized request to path /api/notes/2","level":"error"}
{"message":"Unauthorized request to path /api/notes/2","level":"error"}
{"message":"Note with id 123456 not found.","level":"error"}
{"message":"Note with id 123456 not found.","level":"error"}
{"message":"Note with id 2 deleted.","level":"info"}
{"message":"'name' is required","level":"error"}
{"message":"'folder_id' is required","level":"error"}
{"message":"'content' is required","level":"error"}
{"message":"Note with id 53 created.","level":"info"}
{"message":"Note with id 54 created.","level":"info"}
{"message":"Note with id 123456 not found.","level":"error"}
{"message":"Unauthorized request to path /api/folders","level":"error"}
{"message":"Unauthorized request to path /api/folders","level":"error"}
{"message":"Unauthorized request to path /api/folders/2","level":"error"}
{"message":"Unauthorized request to path /api/folders/2","level":"error"}
{"message":"Unauthorized request to path /api/folders/2","level":"error"}
{"message":"Folder with id 123456 not found.","level":"error"}
{"message":"Folder with id 123456 not found.","level":"error"}
{"message":"Folder with id 2 deleted.","level":"info"}
{"message":"Name is required","level":"error"}
{"message":"Folder with id 71 created.","level":"info"}
{"message":"Folder with id 72 created.","level":"info"}
{"message":"Folder with id 123456 not found.","level":"error"}
{"message":"Folder with id 2 updated","level":"info"}
{"message":"Invalid update without required fields","level":"error"}
{"message":"Unauthorized request to path /api/notes","level":"error"}
{"message":"Unauthorized request to path /api/notes","level":"error"}
{"message":"Unauthorized request to path /api/notes/2","level":"error"}
{"message":"Unauthorized request to path /api/notes/2","level":"error"}
{"message":"Unauthorized request to path /api/notes/2","level":"error"}
{"message":"Note with id 123456 not found.","level":"error"}
{"message":"Note with id 123456 not found.","level":"error"}
{"message":"Note with id 2 deleted.","level":"info"}
{"message":"'name' is required","level":"error"}
{"message":"'folder_id' is required","level":"error"}
{"message":"'content' is required","level":"error"}
{"message":"Note with id 55 created.","level":"info"}
{"message":"Note with id 56 created.","level":"info"}
{"message":"Note with id 123456 not found.","level":"error"}
{"message":"Unauthorized request to path /api/folders","level":"error"}
{"message":"Unauthorized request to path /api/folders","level":"error"}
{"message":"Unauthorized request to path /api/folders/2","level":"error"}
{"message":"Unauthorized request to path /api/folders/2","level":"error"}
{"message":"Unauthorized request to path /api/folders/2","level":"error"}
{"message":"Folder with id 123456 not found.","level":"error"}
{"message":"Folder with id 123456 not found.","level":"error"}
{"message":"Folder with id 2 deleted.","level":"info"}
{"message":"Name is required","level":"error"}
{"message":"Folder with id 73 created.","level":"info"}
{"message":"Folder with id 74 created.","level":"info"}
{"message":"Folder with id 123456 not found.","level":"error"}
{"message":"Folder with id 2 updated","level":"info"}
{"message":"Invalid update without required fields","level":"error"}
{"message":"Unauthorized request to path /api/notes","level":"error"}
{"message":"Unauthorized request to path /api/notes","level":"error"}
{"message":"Unauthorized request to path /api/notes/2","level":"error"}
{"message":"Unauthorized request to path /api/notes/2","level":"error"}
{"message":"Unauthorized request to path /api/notes/2","level":"error"}
{"message":"Note with id 123456 not found.","level":"error"}
{"message":"Note with id 123456 not found.","level":"error"}
{"message":"Note with id 2 deleted.","level":"info"}
{"message":"'name' is required","level":"error"}
{"message":"'folder_id' is required","level":"error"}
{"message":"'content' is required","level":"error"}
{"message":"Note with id 57 created.","level":"info"}
{"message":"Note with id 58 created.","level":"info"}
{"message":"Note with id 123456 not found.","level":"error"}
{"message":"Unauthorized request to path /api/folders","level":"error"}
{"message":"Unauthorized request to path /api/folders","level":"error"}
{"message":"Unauthorized request to path /api/folders/2","level":"error"}
{"message":"Unauthorized request to path /api/folders/2","level":"error"}
{"message":"Unauthorized request to path /api/folders/2","level":"error"}
{"message":"Folder with id 123456 not found.","level":"error"}
{"message":"Folder with id 123456 not found.","level":"error"}
{"message":"Folder with id 2 deleted.","level":"info"}
{"message":"Name is required","level":"error"}
{"message":"Folder with id 75 created.","level":"info"}
{"message":"Folder with id 76 created.","level":"info"}
{"message":"Folder with id 123456 not found.","level":"error"}
{"message":"Folder with id 2 updated","level":"info"}
{"message":"Invalid update without required fields","level":"error"}
{"message":"Unauthorized request to path /api/notes","level":"error"}
{"message":"Unauthorized request to path /api/notes","level":"error"}
{"message":"Unauthorized request to path /api/notes/2","level":"error"}
{"message":"Unauthorized request to path /api/notes/2","level":"error"}
{"message":"Unauthorized request to path /api/notes/2","level":"error"}
{"message":"Note with id 123456 not found.","level":"error"}
{"message":"Note with id 123456 not found.","level":"error"}
{"message":"Note with id 2 deleted.","level":"info"}
{"message":"'name' is required","level":"error"}
{"message":"'folder_id' is required","level":"error"}
{"message":"'content' is required","level":"error"}
{"message":"Note with id 59 created.","level":"info"}
{"message":"Note with id 60 created.","level":"info"}
{"message":"Note with id 123456 not found.","level":"error"}
{"message":"Unauthorized request to path /api/folders","level":"error"}
{"message":"Unauthorized request to path /api/folders","level":"error"}
{"message":"Unauthorized request to path /api/folders/2","level":"error"}
{"message":"Unauthorized request to path /api/folders/2","level":"error"}
{"message":"Unauthorized request to path /api/folders/2","level":"error"}
{"message":"Folder with id 123456 not found.","level":"error"}
{"message":"Folder with id 123456 not found.","level":"error"}
{"message":"Folder with id 2 deleted.","level":"info"}
{"message":"Name is required","level":"error"}
{"message":"Folder with id 77 created.","level":"info"}
{"message":"Folder with id 78 created.","level":"info"}
{"message":"Folder with id 123456 not found.","level":"error"}
{"message":"Folder with id 2 updated","level":"info"}
{"message":"Invalid update without required fields","level":"error"}
{"message":"Unauthorized request to path /api/notes","level":"error"}
{"message":"Unauthorized request to path /api/notes","level":"error"}
{"message":"Unauthorized request to path /api/notes/2","level":"error"}
{"message":"Unauthorized request to path /api/notes/2","level":"error"}
{"message":"Unauthorized request to path /api/notes/2","level":"error"}
{"message":"Note with id 123456 not found.","level":"error"}
{"message":"Note with id 123456 not found.","level":"error"}
{"message":"Note with id 2 deleted.","level":"info"}
{"message":"'name' is required","level":"error"}
{"message":"'folder_id' is required","level":"error"}
{"message":"'content' is required","level":"error"}
{"message":"Note with id 61 created.","level":"info"}
{"message":"Note with id 62 created.","level":"info"}
{"message":"Note with id 123456 not found.","level":"error"}
{"message":"Folder with id 4 created.","level":"info"}
{"message":"'folder_id' is required","level":"error"}
{"message":"'folder_id' is required","level":"error"}
{"message":"'folder_id' is required","level":"error"}
{"message":"'folder_id' is required","level":"error"}
{"message":"'folder_id' is required","level":"error"}
{"message":"'folder_id' is required","level":"error"}
{"message":"'folder_id' is required","level":"error"}
{"message":"'folder_id' is required","level":"error"}
{"message":"'folder_id' is required","level":"error"}
{"message":"'folder_id' is required","level":"error"}
{"message":"'folder_id' is required","level":"error"}
{"message":"'folder_id' is required","level":"error"}
{"message":"'folder_id' is required","level":"error"}
{"message":"'folder_id' is required","level":"error"}
{"message":"'folder_id' is required","level":"error"}
{"message":"'folder_id' is required","level":"error"}
{"message":"'folder_id' is required","level":"error"}
{"message":"'folder_id' is required","level":"error"}
{"message":"'folder_id' is required","level":"error"}
{"message":"'folder_id' is required","level":"error"}
{"message":"'folder_id' is required","level":"error"}
{"message":"'folder_id' is required","level":"error"}
{"message":"'folder_id' is required","level":"error"}
{"message":"'folder_id' is required","level":"error"}
{"message":"'folder_id' is required","level":"error"}
{"message":"'folder_id' is required","level":"error"}
{"message":"'folder_id' is required","level":"error"}
{"message":"'folder_id' is required","level":"error"}
{"message":"'folder_id' is required","level":"error"}
{"message":"'folder_id' is required","level":"error"}
{"message":"'folder_id' is required","level":"error"}
{"message":"'folder_id' is required","level":"error"}
{"message":"'folder_id' is required","level":"error"}
{"message":"'folder_id' is required","level":"error"}
{"message":"'folder_id' is required","level":"error"}
{"message":"'folder_id' is required","level":"error"}
{"message":"'folder_id' is required","level":"error"}
{"message":"'folder_id' is required","level":"error"}
{"message":"'folder_id' is required","level":"error"}
{"message":"'folder_id' is required","level":"error"}
{"message":"'folder_id' is required","level":"error"}
{"message":"'folder_id' is required","level":"error"}
{"message":"'folder_id' is required","level":"error"}
{"message":"'folder_id' is required","level":"error"}
{"message":"'folder_id' is required","level":"error"}
{"message":"'folder_id' is required","level":"error"}
{"message":"'folder_id' is required","level":"error"}
{"message":"'folder_id' is required","level":"error"}
{"message":"'folder_id' is required","level":"error"}
{"message":"'folder_id' is required","level":"error"}
{"message":"'folder_id' is required","level":"error"}
{"message":"'folder_id' is required","level":"error"}
{"message":"'folder_id' is required","level":"error"}
{"message":"'folder_id' is required","level":"error"}
{"message":"'folder_id' is required","level":"error"}
{"message":"'folder_id' is required","level":"error"}
{"message":"'folder_id' is required","level":"error"}
{"message":"'folder_id' is required","level":"error"}
{"message":"'folder_id' is required","level":"error"}
{"message":"'folder_id' is required","level":"error"}
{"message":"'folder_id' is required","level":"error"}
{"message":"'folder_id' is required","level":"error"}
{"message":"Note with id 11 created.","level":"info"}
{"message":"Note with id 12 created.","level":"info"}
{"message":"Note with id 12 deleted.","level":"info"}
{"message":"Note with id 12 not found.","level":"error"}
{"message":"Note with id 11 deleted.","level":"info"}
{"message":"Note with id 13 created.","level":"info"}
{"message":"Note with id 13 deleted.","level":"info"}
{"message":"Note with id 14 created.","level":"info"}
{"message":"Note with id 15 created.","level":"info"}
{"message":"Note with id 14 deleted.","level":"info"}
{"message":"Note with id 14 not found.","level":"error"}
{"message":"Note with id 14 not found.","level":"error"}
{"message":"Note with id 16 created.","level":"info"}
{"message":"Note with id 15 deleted.","level":"info"}
{"message":"Note with id 16 deleted.","level":"info"}
{"message":"Note with id 17 created.","level":"info"}
{"message":"Note with id 17 deleted.","level":"info"}
{"message":"Note with id 18 created.","level":"info"}
{"message":"Note with id 18 deleted.","level":"info"}
{"message":"Note with id 18 not found.","level":"error"}
{"message":"Note with id 19 created.","level":"info"}
{"message":"Note with id 19 deleted.","level":"info"}
{"message":"Note with id 20 created.","level":"info"}
{"message":"Note with id 20 deleted.","level":"info"}
{"message":"Note with id 21 created.","level":"info"}
{"message":"Note with id 21 deleted.","level":"info"}
{"message":"Note with id 22 created.","level":"info"}
{"message":"Note with id 22 deleted.","level":"info"}
{"message":"Note with id 23 created.","level":"info"}
{"message":"Note with id 23 deleted.","level":"info"}
{"message":"Note with id 24 created.","level":"info"}
{"message":"Note with id 24 deleted.","level":"info"}
{"message":"Note with id 25 created.","level":"info"}
{"message":"Note with id 25 deleted.","level":"info"}
